<?xml version="1.0" encoding="UTF-8"?>
<!-- Generated by org.testng.reporters.JUnitReportReporter -->
<testsuite hostname="ARBAZ" failures="0" tests="1" name="com.mathematics.test.SubstractionTest" time="0.002" errors="0" timestamp="2023-02-11T11:01:08 IST" skipped="0">
  <testcase classname="com.mathematics.test.SubstractionTest" name="main" time="0.002"/>
  <system-out/>
</testsuite> <!-- com.mathematics.test.SubstractionTest -->
